Fri May 11 2018 14:29:35 GMT+0530 (India Standard Time) : GET : /home
Fri May 11 2018 14:29:39 GMT+0530 (India Standard Time) : GET : /about
Fri May 11 2018 14:29:40 GMT+0530 (India Standard Time) : GET : /error
Fri May 11 2018 14:29:41 GMT+0530 (India Standard Time) : GET : /home
Fri May 11 2018 15:05:08 GMT+0530 (India Standard Time) : GET : /home
Fri May 11 2018 15:05:15 GMT+0530 (India Standard Time) : GET : /about
Fri May 11 2018 15:05:16 GMT+0530 (India Standard Time) : GET : /error
Fri May 11 2018 15:05:18 GMT+0530 (India Standard Time) : GET : /home
Fri May 11 2018 15:06:26 GMT+0530 (India Standard Time) : GET : /home
Fri May 11 2018 15:06:28 GMT+0530 (India Standard Time) : GET : /home
Fri May 11 2018 15:06:30 GMT+0530 (India Standard Time) : GET : /about
Fri May 11 2018 15:06:31 GMT+0530 (India Standard Time) : GET : /error
Fri May 11 2018 15:06:32 GMT+0530 (India Standard Time) : GET : /home
Fri May 11 2018 15:10:28 GMT+0530 (India Standard Time) : GET : /home
Fri May 11 2018 15:15:00 GMT+0530 (India Standard Time) : GET : /home
Fri May 11 2018 15:15:02 GMT+0530 (India Standard Time) : GET : /about
Fri May 11 2018 15:15:03 GMT+0530 (India Standard Time) : GET : /error
Fri May 11 2018 15:15:04 GMT+0530 (India Standard Time) : GET : /home
Fri May 11 2018 15:15:22 GMT+0530 (India Standard Time) : GET : /about
Fri May 11 2018 15:15:22 GMT+0530 (India Standard Time) : GET : /error
Fri May 11 2018 15:15:23 GMT+0530 (India Standard Time) : GET : /home
Fri May 11 2018 15:15:23 GMT+0530 (India Standard Time) : GET : /about
Fri May 11 2018 15:15:24 GMT+0530 (India Standard Time) : GET : /error
Fri May 11 2018 15:15:29 GMT+0530 (India Standard Time) : GET : /home
Fri May 11 2018 15:15:53 GMT+0530 (India Standard Time) : GET : /help.html
Fri May 11 2018 15:17:11 GMT+0530 (India Standard Time) : GET : /home
Fri May 11 2018 15:17:15 GMT+0530 (India Standard Time) : GET : /about
Fri May 11 2018 15:17:17 GMT+0530 (India Standard Time) : GET : /error
Fri May 11 2018 15:17:22 GMT+0530 (India Standard Time) : GET : /home
Fri May 11 2018 15:17:25 GMT+0530 (India Standard Time) : GET : /help.html
Fri May 11 2018 15:17:32 GMT+0530 (India Standard Time) : GET : /home
Fri May 11 2018 15:18:19 GMT+0530 (India Standard Time) : GET : /home
Fri May 11 2018 15:18:20 GMT+0530 (India Standard Time) : GET : /home
Fri May 11 2018 15:18:21 GMT+0530 (India Standard Time) : GET : /about
Fri May 11 2018 15:18:22 GMT+0530 (India Standard Time) : GET : /error
Fri May 11 2018 15:18:24 GMT+0530 (India Standard Time) : GET : /home
Fri May 11 2018 15:18:28 GMT+0530 (India Standard Time) : GET : /help.html
Fri May 11 2018 15:18:38 GMT+0530 (India Standard Time) : GET : /home
Fri May 11 2018 16:02:48 GMT+0530 (India Standard Time) : GET : /home
Fri May 11 2018 16:02:51 GMT+0530 (India Standard Time) : GET : /home
Fri May 11 2018 16:02:52 GMT+0530 (India Standard Time) : GET : /about
Fri May 11 2018 16:02:53 GMT+0530 (India Standard Time) : GET : /error
Fri May 11 2018 16:11:45 GMT+0530 (India Standard Time) : GET : /home
Fri May 11 2018 16:11:46 GMT+0530 (India Standard Time) : GET : /about
Fri May 11 2018 16:11:47 GMT+0530 (India Standard Time) : GET : /error
Fri May 11 2018 16:12:02 GMT+0530 (India Standard Time) : GET : /error
Fri May 11 2018 16:12:05 GMT+0530 (India Standard Time) : GET : /home
Fri May 11 2018 16:12:33 GMT+0530 (India Standard Time) : GET : /home
Fri May 11 2018 16:12:37 GMT+0530 (India Standard Time) : GET : /about
Fri May 11 2018 16:12:39 GMT+0530 (India Standard Time) : GET : /error
Fri May 11 2018 16:12:41 GMT+0530 (India Standard Time) : GET : /home
Fri May 11 2018 16:13:00 GMT+0530 (India Standard Time) : GET : /home
Fri May 11 2018 16:13:04 GMT+0530 (India Standard Time) : GET : /about
Fri May 11 2018 16:13:06 GMT+0530 (India Standard Time) : GET : /error
Fri May 11 2018 16:13:08 GMT+0530 (India Standard Time) : GET : /home
Fri May 11 2018 16:13:21 GMT+0530 (India Standard Time) : GET : /home
Fri May 11 2018 16:13:25 GMT+0530 (India Standard Time) : GET : /home
Fri May 11 2018 16:13:52 GMT+0530 (India Standard Time) : GET : /about
Fri May 11 2018 16:13:54 GMT+0530 (India Standard Time) : GET : /error
Fri May 11 2018 16:13:56 GMT+0530 (India Standard Time) : GET : /about
Fri May 11 2018 16:13:57 GMT+0530 (India Standard Time) : GET : /home
Fri May 11 2018 16:16:03 GMT+0530 (India Standard Time) : GET : /home
Fri May 11 2018 16:16:05 GMT+0530 (India Standard Time) : GET : /about
Fri May 11 2018 16:16:06 GMT+0530 (India Standard Time) : GET : /error
Fri May 11 2018 16:16:08 GMT+0530 (India Standard Time) : GET : /home
Fri May 11 2018 16:16:15 GMT+0530 (India Standard Time) : GET : /error
Fri May 11 2018 16:16:33 GMT+0530 (India Standard Time) : GET : /home
Fri May 11 2018 16:16:36 GMT+0530 (India Standard Time) : GET : /home
Fri May 11 2018 16:16:37 GMT+0530 (India Standard Time) : GET : /home
Fri May 11 2018 16:16:40 GMT+0530 (India Standard Time) : GET : /home
Fri May 11 2018 16:16:41 GMT+0530 (India Standard Time) : GET : /home
Fri May 11 2018 16:16:42 GMT+0530 (India Standard Time) : GET : /home
Fri May 11 2018 16:16:43 GMT+0530 (India Standard Time) : GET : /home
Fri May 11 2018 16:16:44 GMT+0530 (India Standard Time) : GET : /home
Fri May 11 2018 16:16:44 GMT+0530 (India Standard Time) : GET : /home
Fri May 11 2018 16:16:44 GMT+0530 (India Standard Time) : GET : /home
Fri May 11 2018 16:16:45 GMT+0530 (India Standard Time) : GET : /home
Fri May 11 2018 16:16:53 GMT+0530 (India Standard Time) : GET : /
Fri May 11 2018 16:17:14 GMT+0530 (India Standard Time) : GET : /home
Fri May 11 2018 16:17:22 GMT+0530 (India Standard Time) : GET : /home
Fri May 11 2018 16:17:52 GMT+0530 (India Standard Time) : GET : /home
Fri May 11 2018 16:17:53 GMT+0530 (India Standard Time) : GET : /home
Fri May 11 2018 16:17:54 GMT+0530 (India Standard Time) : GET : /home
Fri May 11 2018 16:17:55 GMT+0530 (India Standard Time) : GET : /home
Fri May 11 2018 16:17:56 GMT+0530 (India Standard Time) : GET : /home
Fri May 11 2018 16:17:57 GMT+0530 (India Standard Time) : GET : /home
Fri May 11 2018 16:17:58 GMT+0530 (India Standard Time) : GET : /home
Fri May 11 2018 16:17:59 GMT+0530 (India Standard Time) : GET : /home
Fri May 11 2018 16:18:00 GMT+0530 (India Standard Time) : GET : /home
Fri May 11 2018 16:18:00 GMT+0530 (India Standard Time) : GET : /home
Fri May 11 2018 16:18:01 GMT+0530 (India Standard Time) : GET : /home
Fri May 11 2018 16:18:02 GMT+0530 (India Standard Time) : GET : /home
Fri May 11 2018 16:18:39 GMT+0530 (India Standard Time) : GET : /home
Fri May 11 2018 16:19:21 GMT+0530 (India Standard Time) : GET : /home
Fri May 11 2018 16:20:46 GMT+0530 (India Standard Time) : GET : /home
Fri May 11 2018 16:20:52 GMT+0530 (India Standard Time) : GET : /home
Fri May 11 2018 16:20:59 GMT+0530 (India Standard Time) : GET : /about
Fri May 11 2018 16:21:01 GMT+0530 (India Standard Time) : GET : /error
Fri May 11 2018 16:21:02 GMT+0530 (India Standard Time) : GET : /about
Fri May 11 2018 16:21:03 GMT+0530 (India Standard Time) : GET : /home
Fri May 11 2018 16:21:50 GMT+0530 (India Standard Time) : GET : /home
Fri May 11 2018 16:21:51 GMT+0530 (India Standard Time) : GET : /home
Fri May 11 2018 16:21:53 GMT+0530 (India Standard Time) : GET : /home
Fri May 11 2018 16:21:58 GMT+0530 (India Standard Time) : GET : /about
Fri May 11 2018 16:23:33 GMT+0530 (India Standard Time) : GET : /about
Fri May 11 2018 16:23:41 GMT+0530 (India Standard Time) : GET : /home
Fri May 11 2018 16:24:03 GMT+0530 (India Standard Time) : GET : /home
Fri May 11 2018 16:24:07 GMT+0530 (India Standard Time) : GET : /about
Fri May 11 2018 16:24:26 GMT+0530 (India Standard Time) : GET : /error
Fri May 11 2018 16:25:20 GMT+0530 (India Standard Time) : GET : /error
Fri May 11 2018 16:25:26 GMT+0530 (India Standard Time) : GET : /home
Fri May 11 2018 16:25:31 GMT+0530 (India Standard Time) : GET : /about
Fri May 11 2018 16:25:33 GMT+0530 (India Standard Time) : GET : /error
Fri May 11 2018 16:25:34 GMT+0530 (India Standard Time) : GET : /home
Fri May 11 2018 16:26:55 GMT+0530 (India Standard Time) : GET : /home
Fri May 11 2018 16:26:56 GMT+0530 (India Standard Time) : GET : /home
Fri May 11 2018 16:26:59 GMT+0530 (India Standard Time) : GET : /home
Fri May 11 2018 16:27:00 GMT+0530 (India Standard Time) : GET : /about
Fri May 11 2018 16:27:01 GMT+0530 (India Standard Time) : GET : /error
Fri May 11 2018 16:44:50 GMT+0530 (India Standard Time) : GET : /home
Fri May 11 2018 16:44:52 GMT+0530 (India Standard Time) : GET : /about
Fri May 11 2018 16:44:53 GMT+0530 (India Standard Time) : GET : /error
Fri May 11 2018 16:44:54 GMT+0530 (India Standard Time) : GET : /error
Fri May 11 2018 16:49:26 GMT+0530 (India Standard Time) : GET : /home
Fri May 11 2018 16:49:27 GMT+0530 (India Standard Time) : GET : /home
Fri May 11 2018 16:49:55 GMT+0530 (India Standard Time) : GET : /home
Fri May 11 2018 16:49:58 GMT+0530 (India Standard Time) : GET : /about
Fri May 11 2018 16:49:59 GMT+0530 (India Standard Time) : GET : /error
Fri May 11 2018 16:50:09 GMT+0530 (India Standard Time) : GET : /help.html
Fri May 11 2018 16:50:33 GMT+0530 (India Standard Time) : GET : /home
Fri May 11 2018 16:50:34 GMT+0530 (India Standard Time) : GET : /about
Fri May 11 2018 16:50:35 GMT+0530 (India Standard Time) : GET : /error
Fri May 11 2018 16:50:41 GMT+0530 (India Standard Time) : GET : /help.html
Fri May 11 2018 16:50:54 GMT+0530 (India Standard Time) : GET : /home
Fri May 11 2018 16:51:41 GMT+0530 (India Standard Time) : GET : /home
Fri May 11 2018 16:51:43 GMT+0530 (India Standard Time) : GET : /about
Fri May 11 2018 16:52:44 GMT+0530 (India Standard Time) : GET : /home
Fri May 11 2018 16:53:15 GMT+0530 (India Standard Time) : GET : /home
Fri May 11 2018 16:53:18 GMT+0530 (India Standard Time) : GET : /home
Fri May 11 2018 16:53:19 GMT+0530 (India Standard Time) : GET : /about
Fri May 11 2018 16:53:21 GMT+0530 (India Standard Time) : GET : /error
Fri May 11 2018 16:53:25 GMT+0530 (India Standard Time) : GET : /home
Fri May 11 2018 16:53:34 GMT+0530 (India Standard Time) : GET : /help.html
Fri May 11 2018 16:53:45 GMT+0530 (India Standard Time) : GET : /home
Sun May 13 2018 17:33:05 GMT+0530 (India Standard Time) : GET : /home
Sun May 13 2018 17:33:06 GMT+0530 (India Standard Time) : GET : /favicon.ico
Sun May 13 2018 17:33:09 GMT+0530 (India Standard Time) : GET : /about
Sun May 13 2018 17:33:11 GMT+0530 (India Standard Time) : GET : /error
Sun May 13 2018 17:33:14 GMT+0530 (India Standard Time) : GET : /home
Sun May 13 2018 17:33:25 GMT+0530 (India Standard Time) : GET : /help.html
Sun May 13 2018 17:33:38 GMT+0530 (India Standard Time) : GET : /home
Sun May 13 2018 17:40:27 GMT+0530 (India Standard Time) : GET : /home
Sun May 13 2018 17:40:33 GMT+0530 (India Standard Time) : GET : /about
Sun May 13 2018 17:40:34 GMT+0530 (India Standard Time) : GET : /error
Sun May 13 2018 17:40:36 GMT+0530 (India Standard Time) : GET : /home
Mon May 14 2018 09:33:17 GMT+0530 (India Standard Time) : GET : /home
Mon May 14 2018 09:33:19 GMT+0530 (India Standard Time) : GET : /favicon.ico
Mon May 14 2018 09:33:23 GMT+0530 (India Standard Time) : GET : /about
Mon May 14 2018 09:33:25 GMT+0530 (India Standard Time) : GET : /error
Mon May 14 2018 09:33:28 GMT+0530 (India Standard Time) : GET : /home
Mon May 14 2018 09:41:27 GMT+0530 (India Standard Time) : GET : /home
Mon May 14 2018 09:41:29 GMT+0530 (India Standard Time) : GET : /home
Mon May 14 2018 09:41:30 GMT+0530 (India Standard Time) : GET : /about
Mon May 14 2018 09:41:31 GMT+0530 (India Standard Time) : GET : /error
Mon May 14 2018 09:41:34 GMT+0530 (India Standard Time) : GET : /projects
Mon May 14 2018 09:41:38 GMT+0530 (India Standard Time) : GET : /home
Mon May 14 2018 09:41:56 GMT+0530 (India Standard Time) : GET : /help.html
Mon May 14 2018 09:42:05 GMT+0530 (India Standard Time) : GET : /home
